[1103/021816.494:ERROR:directory_reader_win.cc(43)] FindFirstFile: O sistema não pode encontrar o caminho especificado. (0x3)
[1103/095929.395:ERROR:directory_reader_win.cc(43)] FindFirstFile: O sistema não pode encontrar o caminho especificado. (0x3)
[1103/103652.155:ERROR:directory_reader_win.cc(43)] FindFirstFile: O sistema não pode encontrar o caminho especificado. (0x3)
[1103/110352.367:ERROR:directory_reader_win.cc(43)] FindFirstFile: O sistema não pode encontrar o caminho especificado. (0x3)
[1103/112708.575:ERROR:directory_reader_win.cc(43)] FindFirstFile: O sistema não pode encontrar o caminho especificado. (0x3)
[1103/120452.937:ERROR:directory_reader_win.cc(43)] FindFirstFile: O sistema não pode encontrar o caminho especificado. (0x3)
[1103/130528.555:ERROR:directory_reader_win.cc(43)] FindFirstFile: O sistema não pode encontrar o caminho especificado. (0x3)
[1103/161135.358:ERROR:directory_reader_win.cc(43)] FindFirstFile: O sistema não pode encontrar o caminho especificado. (0x3)
[1103/170747.951:ERROR:directory_reader_win.cc(43)] FindFirstFile: O sistema não pode encontrar o caminho especificado. (0x3)
[1103/172040.424:ERROR:directory_reader_win.cc(43)] FindFirstFile: O sistema não pode encontrar o caminho especificado. (0x3)
[1103/172221.017:ERROR:directory_reader_win.cc(43)] FindFirstFile: O sistema não pode encontrar o caminho especificado. (0x3)
[1103/174956.044:ERROR:directory_reader_win.cc(43)] FindFirstFile: O sistema não pode encontrar o caminho especificado. (0x3)
[1104/102400.372:ERROR:directory_reader_win.cc(43)] FindFirstFile: O sistema não pode encontrar o caminho especificado. (0x3)
[1104/111000.218:ERROR:directory_reader_win.cc(43)] FindFirstFile: O sistema não pode encontrar o caminho especificado. (0x3)
[1104/111416.689:ERROR:directory_reader_win.cc(43)] FindFirstFile: O sistema não pode encontrar o caminho especificado. (0x3)
[1104/125202.213:ERROR:directory_reader_win.cc(43)] FindFirstFile: O sistema não pode encontrar o caminho especificado. (0x3)
[1104/135205.810:ERROR:directory_reader_win.cc(43)] FindFirstFile: O sistema não pode encontrar o caminho especificado. (0x3)
[1104/143110.834:ERROR:directory_reader_win.cc(43)] FindFirstFile: O sistema não pode encontrar o caminho especificado. (0x3)
[1104/151130.984:ERROR:directory_reader_win.cc(43)] FindFirstFile: O sistema não pode encontrar o caminho especificado. (0x3)
[1104/155114.759:ERROR:directory_reader_win.cc(43)] FindFirstFile: O sistema não pode encontrar o caminho especificado. (0x3)
[1104/200022.671:ERROR:directory_reader_win.cc(43)] FindFirstFile: O sistema não pode encontrar o caminho especificado. (0x3)
[1105/131721.677:ERROR:directory_reader_win.cc(43)] FindFirstFile: O sistema não pode encontrar o caminho especificado. (0x3)
[1105/133319.348:ERROR:directory_reader_win.cc(43)] FindFirstFile: O sistema não pode encontrar o caminho especificado. (0x3)
[1105/141504.747:ERROR:directory_reader_win.cc(43)] FindFirstFile: O sistema não pode encontrar o caminho especificado. (0x3)
[1105/144516.790:ERROR:directory_reader_win.cc(43)] FindFirstFile: O sistema não pode encontrar o caminho especificado. (0x3)
[1105/170407.300:ERROR:directory_reader_win.cc(43)] FindFirstFile: O sistema não pode encontrar o caminho especificado. (0x3)
[1105/171110.641:ERROR:directory_reader_win.cc(43)] FindFirstFile: O sistema não pode encontrar o caminho especificado. (0x3)
[1105/174337.304:ERROR:directory_reader_win.cc(43)] FindFirstFile: O sistema não pode encontrar o caminho especificado. (0x3)
[1105/180857.503:ERROR:directory_reader_win.cc(43)] FindFirstFile: O sistema não pode encontrar o caminho especificado. (0x3)
[1105/185313.174:ERROR:directory_reader_win.cc(43)] FindFirstFile: O sistema não pode encontrar o caminho especificado. (0x3)
[1105/192015.979:ERROR:directory_reader_win.cc(43)] FindFirstFile: O sistema não pode encontrar o caminho especificado. (0x3)
[1105/194506.268:ERROR:directory_reader_win.cc(43)] FindFirstFile: O sistema não pode encontrar o caminho especificado. (0x3)
[1105/224650.312:ERROR:directory_reader_win.cc(43)] FindFirstFile: O sistema não pode encontrar o caminho especificado. (0x3)
[1106/104021.525:ERROR:directory_reader_win.cc(43)] FindFirstFile: O sistema não pode encontrar o caminho especificado. (0x3)
[1106/110028.319:ERROR:directory_reader_win.cc(43)] FindFirstFile: O sistema não pode encontrar o caminho especificado. (0x3)
[1106/113840.024:ERROR:directory_reader_win.cc(43)] FindFirstFile: O sistema não pode encontrar o caminho especificado. (0x3)
[1107/175446.624:ERROR:directory_reader_win.cc(43)] FindFirstFile: The system cannot find the path specified. (0x3)
[1109/160917.067:ERROR:directory_reader_win.cc(43)] FindFirstFile: The system cannot find the path specified. (0x3)
[1109/162945.057:ERROR:directory_reader_win.cc(43)] FindFirstFile: The system cannot find the path specified. (0x3)
[1109/163802.638:ERROR:directory_reader_win.cc(43)] FindFirstFile: The system cannot find the path specified. (0x3)
[1109/163958.577:ERROR:directory_reader_win.cc(43)] FindFirstFile: The system cannot find the path specified. (0x3)
[1109/164326.820:ERROR:process_info.cc(359)] UncheckedAllocate
[1109/164717.765:ERROR:process_info.cc(359)] UncheckedAllocate
[1109/164818.473:ERROR:process_info.cc(359)] UncheckedAllocate
[1109/164827.226:ERROR:process_info.cc(359)] UncheckedAllocate
[1109/170807.749:ERROR:directory_reader_win.cc(43)] FindFirstFile: The system cannot find the path specified. (0x3)
[1111/112525.063:ERROR:directory_reader_win.cc(43)] FindFirstFile: The system cannot find the path specified. (0x3)
[1111/131945.902:ERROR:directory_reader_win.cc(43)] FindFirstFile: The system cannot find the path specified. (0x3)
[1111/144617.649:ERROR:directory_reader_win.cc(43)] FindFirstFile: The system cannot find the path specified. (0x3)
[1111/145651.256:ERROR:directory_reader_win.cc(43)] FindFirstFile: The system cannot find the path specified. (0x3)
[1111/150719.510:ERROR:directory_reader_win.cc(43)] FindFirstFile: The system cannot find the path specified. (0x3)
[1111/155913.951:ERROR:directory_reader_win.cc(43)] FindFirstFile: The system cannot find the path specified. (0x3)
[1111/160741.660:ERROR:directory_reader_win.cc(43)] FindFirstFile: The system cannot find the path specified. (0x3)
[1111/164545.291:ERROR:process_info.cc(359)] UncheckedAllocate
[1111/164545.337:ERROR:process_info.cc(359)] UncheckedAllocate
[1111/175718.829:ERROR:directory_reader_win.cc(43)] FindFirstFile: The system cannot find the path specified. (0x3)
[1112/114122.597:ERROR:directory_reader_win.cc(43)] FindFirstFile: The system cannot find the path specified. (0x3)
[1112/154612.574:ERROR:directory_reader_win.cc(43)] FindFirstFile: The system cannot find the path specified. (0x3)
[1112/154909.172:ERROR:directory_reader_win.cc(43)] FindFirstFile: The system cannot find the path specified. (0x3)
[1112/160140.881:ERROR:directory_reader_win.cc(43)] FindFirstFile: The system cannot find the path specified. (0x3)
[1113/102411.903:ERROR:directory_reader_win.cc(43)] FindFirstFile: The system cannot find the path specified. (0x3)
[1117/104522.325:ERROR:directory_reader_win.cc(43)] FindFirstFile: The system cannot find the path specified. (0x3)
[1117/104653.344:ERROR:directory_reader_win.cc(43)] FindFirstFile: The system cannot find the path specified. (0x3)
[1117/111432.284:ERROR:process_info.cc(359)] UncheckedAllocate
[1117/111432.396:ERROR:process_info.cc(359)] UncheckedAllocate
[1117/111432.773:ERROR:process_reader_win.cc(188)] ResumeThread: The parameter is incorrect. (0x57)
[1117/111432.773:ERROR:process_reader_win.cc(151)] SuspendThread: Access is denied. (0x5)
[1117/111432.774:ERROR:process_reader_win.cc(151)] SuspendThread: Access is denied. (0x5)
[1117/111432.774:ERROR:process_reader_win.cc(151)] SuspendThread: Access is denied. (0x5)
[1117/111432.774:ERROR:process_reader_win.cc(151)] SuspendThread: Access is denied. (0x5)
[1117/111432.774:ERROR:process_reader_win.cc(151)] SuspendThread: Access is denied. (0x5)
[1117/111432.774:ERROR:process_reader_win.cc(151)] SuspendThread: Access is denied. (0x5)
[1117/111432.774:ERROR:process_reader_win.cc(151)] SuspendThread: Access is denied. (0x5)
[1117/111432.774:ERROR:process_reader_win.cc(151)] SuspendThread: Access is denied. (0x5)
[1117/111432.774:ERROR:process_reader_win.cc(151)] SuspendThread: Access is denied. (0x5)
[1117/111432.774:ERROR:process_reader_win.cc(151)] SuspendThread: Access is denied. (0x5)
[1117/111432.774:ERROR:process_reader_win.cc(151)] SuspendThread: Access is denied. (0x5)
[1117/111432.849:ERROR:process_memory_win.cc(73)] ReadMemory at 0x1cdd4baede0 of 72 bytes failed: Only part of a ReadProcessMemory or WriteProcessMemory request was completed. (0x12B)
[1117/111432.850:WARNING:pe_image_annotations_reader.cc(135)] could not read annotations list object in C:\Program Files\Google\Chrome\Application\86.0.4240.198\chrome_elf.dll
[1117/111432.850:ERROR:process_memory_win.cc(73)] ReadMemory at 0x1cdd4be1430 of 72 bytes failed: Only part of a ReadProcessMemory or WriteProcessMemory request was completed. (0x12B)
[1117/111432.851:WARNING:pe_image_annotations_reader.cc(135)] could not read annotations list object in C:\Program Files\Google\Chrome\Application\86.0.4240.198\chrome.dll
[1117/111432.860:ERROR:process_memory_win.cc(73)] ReadMemory at 0x1cdd4baede0 of 72 bytes failed: Only part of a ReadProcessMemory or WriteProcessMemory request was completed. (0x12B)
[1117/111432.860:WARNING:pe_image_annotations_reader.cc(135)] could not read annotations list object in C:\Program Files\Google\Chrome\Application\86.0.4240.198\chrome_elf.dll
[1117/111432.861:ERROR:process_memory_win.cc(73)] ReadMemory at 0x1cdd4be1430 of 72 bytes failed: Only part of a ReadProcessMemory or WriteProcessMemory request was completed. (0x12B)
[1117/111432.861:WARNING:pe_image_annotations_reader.cc(135)] could not read annotations list object in C:\Program Files\Google\Chrome\Application\86.0.4240.198\chrome.dll
[1117/111432.862:ERROR:process_memory_win.cc(73)] ReadMemory at 0x1cdd4baede0 of 72 bytes failed: Only part of a ReadProcessMemory or WriteProcessMemory request was completed. (0x12B)
[1117/111432.862:WARNING:pe_image_annotations_reader.cc(135)] could not read annotations list object in C:\Program Files\Google\Chrome\Application\86.0.4240.198\chrome_elf.dll
[1117/111432.863:ERROR:process_memory_win.cc(73)] ReadMemory at 0x1cdd4be1430 of 72 bytes failed: Only part of a ReadProcessMemory or WriteProcessMemory request was completed. (0x12B)
[1117/111432.863:WARNING:pe_image_annotations_reader.cc(135)] could not read annotations list object in C:\Program Files\Google\Chrome\Application\86.0.4240.198\chrome.dll
[1117/111432.876:ERROR:process_memory_win.cc(73)] ReadMemory at 0xc6ce9f9000 of 28672 bytes failed: Only part of a ReadProcessMemory or WriteProcessMemory request was completed. (0x12B)
[1117/111432.876:ERROR:process_memory_win.cc(73)] ReadMemory at 0xc6cf1fe000 of 8192 bytes failed: Only part of a ReadProcessMemory or WriteProcessMemory request was completed. (0x12B)
[1117/111432.877:ERROR:process_memory_win.cc(73)] ReadMemory at 0xc6cf9fe000 of 8192 bytes failed: Only part of a ReadProcessMemory or WriteProcessMemory request was completed. (0x12B)
[1117/111432.877:ERROR:process_memory_win.cc(73)] ReadMemory at 0xc6ce06d000 of 852 bytes failed: Only part of a ReadProcessMemory or WriteProcessMemory request was completed. (0x12B)
[1117/111432.877:ERROR:process_memory_win.cc(73)] ReadMemory at 0xc6ce06e000 of 6024 bytes failed: Only part of a ReadProcessMemory or WriteProcessMemory request was completed. (0x12B)
[1117/111432.877:ERROR:process_memory_win.cc(73)] ReadMemory at 0xc6ce070000 of 6024 bytes failed: Only part of a ReadProcessMemory or WriteProcessMemory request was completed. (0x12B)
[1117/111432.877:ERROR:process_memory_win.cc(73)] ReadMemory at 0xc6ce072000 of 6024 bytes failed: Only part of a ReadProcessMemory or WriteProcessMemory request was completed. (0x12B)
[1117/111432.877:ERROR:process_memory_win.cc(73)] ReadMemory at 0x1cdd4ba0fe0 of 5108 bytes failed: Only part of a ReadProcessMemory or WriteProcessMemory request was completed. (0x12B)
[1117/111432.877:ERROR:process_memory_win.cc(73)] ReadMemory at 0x1cdd4ba23e0 of 1012 bytes failed: Only part of a ReadProcessMemory or WriteProcessMemory request was completed. (0x12B)
[1117/111432.877:ERROR:process_memory_win.cc(73)] ReadMemory at 0x1cdd4ba2a28 of 106 bytes failed: Only part of a ReadProcessMemory or WriteProcessMemory request was completed. (0x12B)
[1117/111432.878:ERROR:process_memory_win.cc(73)] ReadMemory at 0x1cdd4ba2a94 of 1212 bytes failed: Only part of a ReadProcessMemory or WriteProcessMemory request was completed. (0x12B)
[1117/111432.878:ERROR:process_memory_win.cc(73)] ReadMemory at 0x1cdd4ba2f52 of 106 bytes failed: Only part of a ReadProcessMemory or WriteProcessMemory request was completed. (0x12B)
[1117/111432.878:ERROR:process_memory_win.cc(73)] ReadMemory at 0x1cdd4ba2fbe of 100 bytes failed: Only part of a ReadProcessMemory or WriteProcessMemory request was completed. (0x12B)
[1117/111432.878:ERROR:process_memory_win.cc(73)] ReadMemory at 0x1cdd4ba3030 of 58 bytes failed: Only part of a ReadProcessMemory or WriteProcessMemory request was completed. (0x12B)
[1117/111432.878:ERROR:process_memory_win.cc(73)] ReadMemory at 0x1cdd4ba3130 of 132 bytes failed: Only part of a ReadProcessMemory or WriteProcessMemory request was completed. (0x12B)
[1117/111432.878:ERROR:process_memory_win.cc(73)] ReadMemory at 0x1cdd4ba32c0 of 132 bytes failed: Only part of a ReadProcessMemory or WriteProcessMemory request was completed. (0x12B)
[1117/111432.878:ERROR:process_memory_win.cc(73)] ReadMemory at 0x1cdd4ba3480 of 114 bytes failed: Only part of a ReadProcessMemory or WriteProcessMemory request was completed. (0x12B)
[1117/111432.878:ERROR:process_memory_win.cc(73)] ReadMemory at 0x1cdd4ba3980 of 132 bytes failed: Only part of a ReadProcessMemory or WriteProcessMemory request was completed. (0x12B)
[1117/111432.878:ERROR:process_memory_win.cc(73)] ReadMemory at 0x1cdd4ba3b10 of 64 bytes failed: Only part of a ReadProcessMemory or WriteProcessMemory request was completed. (0x12B)
[1117/111432.878:ERROR:process_memory_win.cc(73)] ReadMemory at 0x1cdd4ba3cc0 of 132 bytes failed: Only part of a ReadProcessMemory or WriteProcessMemory request was completed. (0x12B)
[1117/111432.878:ERROR:process_memory_win.cc(73)] ReadMemory at 0x1cdd4ba3f90 of 132 bytes failed: Only part of a ReadProcessMemory or WriteProcessMemory request was completed. (0x12B)
[1117/111432.878:ERROR:process_memory_win.cc(73)] ReadMemory at 0x1cdd4ba4120 of 68 bytes failed: Only part of a ReadProcessMemory or WriteProcessMemory request was completed. (0x12B)
[1117/111432.879:ERROR:process_memory_win.cc(73)] ReadMemory at 0x1cdd4ba52d0 of 132 bytes failed: Only part of a ReadProcessMemory or WriteProcessMemory request was completed. (0x12B)
[1117/111432.879:ERROR:process_memory_win.cc(73)] ReadMemory at 0x1cdd4ba5400 of 142 bytes failed: Only part of a ReadProcessMemory or WriteProcessMemory request was completed. (0x12B)
[1117/111432.879:ERROR:process_memory_win.cc(73)] ReadMemory at 0x1cdd4ba5ae0 of 62 bytes failed: Only part of a ReadProcessMemory or WriteProcessMemory request was completed. (0x12B)
[1117/111432.879:ERROR:process_memory_win.cc(73)] ReadMemory at 0x1cdd4ba6100 of 60 bytes failed: Only part of a ReadProcessMemory or WriteProcessMemory request was completed. (0x12B)
[1117/111432.879:ERROR:process_memory_win.cc(73)] ReadMemory at 0x1cdd4ba6e90 of 132 bytes failed: Only part of a ReadProcessMemory or WriteProcessMemory request was completed. (0x12B)
[1117/111432.879:ERROR:process_memory_win.cc(73)] ReadMemory at 0x1cdd4baee80 of 60 bytes failed: Only part of a ReadProcessMemory or WriteProcessMemory request was completed. (0x12B)
[1117/111432.879:ERROR:process_memory_win.cc(73)] ReadMemory at 0x1cdd4bb1c20 of 80 bytes failed: Only part of a ReadProcessMemory or WriteProcessMemory request was completed. (0x12B)
[1117/111432.879:ERROR:process_memory_win.cc(73)] ReadMemory at 0x1cdd4bb3470 of 132 bytes failed: Only part of a ReadProcessMemory or WriteProcessMemory request was completed. (0x12B)
[1117/111432.879:ERROR:process_memory_win.cc(73)] ReadMemory at 0x1cdd4bb3690 of 132 bytes failed: Only part of a ReadProcessMemory or WriteProcessMemory request was completed. (0x12B)
[1117/111432.879:ERROR:process_memory_win.cc(73)] ReadMemory at 0x1cdd4bb3ae0 of 132 bytes failed: Only part of a ReadProcessMemory or WriteProcessMemory request was completed. (0x12B)
[1117/111432.880:ERROR:process_memory_win.cc(73)] ReadMemory at 0x1cdd4bb3d60 of 132 bytes failed: Only part of a ReadProcessMemory or WriteProcessMemory request was completed. (0x12B)
[1117/111432.880:ERROR:process_memory_win.cc(73)] ReadMemory at 0x1cdd4bb3e90 of 134 bytes failed: Only part of a ReadProcessMemory or WriteProcessMemory request was completed. (0x12B)
[1117/111432.880:ERROR:process_memory_win.cc(73)] ReadMemory at 0x1cdd4bb3f40 of 132 bytes failed: Only part of a ReadProcessMemory or WriteProcessMemory request was completed. (0x12B)
[1117/111432.880:ERROR:process_memory_win.cc(73)] ReadMemory at 0x1cdd4bb5730 of 132 bytes failed: Only part of a ReadProcessMemory or WriteProcessMemory request was completed. (0x12B)
[1117/111432.880:ERROR:process_memory_win.cc(73)] ReadMemory at 0x1cdd4bb5860 of 132 bytes failed: Only part of a ReadProcessMemory or WriteProcessMemory request was completed. (0x12B)
[1117/111432.880:ERROR:process_memory_win.cc(73)] ReadMemory at 0x1cdd4bb5990 of 132 bytes failed: Only part of a ReadProcessMemory or WriteProcessMemory request was completed. (0x12B)
[1117/111432.880:ERROR:process_memory_win.cc(73)] ReadMemory at 0x1cdd4bb5ac0 of 132 bytes failed: Only part of a ReadProcessMemory or WriteProcessMemory request was completed. (0x12B)
[1117/111432.880:ERROR:process_memory_win.cc(73)] ReadMemory at 0x1cdd4bb5bf0 of 132 bytes failed: Only part of a ReadProcessMemory or WriteProcessMemory request was completed. (0x12B)
[1117/111432.880:ERROR:process_memory_win.cc(73)] ReadMemory at 0x1cdd4bb5d20 of 132 bytes failed: Only part of a ReadProcessMemory or WriteProcessMemory request was completed. (0x12B)
[1117/111432.880:ERROR:process_memory_win.cc(73)] ReadMemory at 0x1cdd4bb5e50 of 132 bytes failed: Only part of a ReadProcessMemory or WriteProcessMemory request was completed. (0x12B)
[1117/111432.880:ERROR:process_memory_win.cc(73)] ReadMemory at 0x1cdd4bb5f80 of 132 bytes failed: Only part of a ReadProcessMemory or WriteProcessMemory request was completed. (0x12B)
[1117/111432.880:ERROR:process_memory_win.cc(73)] ReadMemory at 0x1cdd4bb60b0 of 132 bytes failed: Only part of a ReadProcessMemory or WriteProcessMemory request was completed. (0x12B)
[1117/111432.881:ERROR:process_memory_win.cc(73)] ReadMemory at 0x1cdd4bb61e0 of 132 bytes failed: Only part of a ReadProcessMemory or WriteProcessMemory request was completed. (0x12B)
[1117/111432.881:ERROR:process_memory_win.cc(73)] ReadMemory at 0x1cdd4bb6310 of 132 bytes failed: Only part of a ReadProcessMemory or WriteProcessMemory request was completed. (0x12B)
[1117/111432.881:ERROR:process_memory_win.cc(73)] ReadMemory at 0x1cdd4bb6440 of 132 bytes failed: Only part of a ReadProcessMemory or WriteProcessMemory request was completed. (0x12B)
[1117/111432.881:ERROR:process_memory_win.cc(73)] ReadMemory at 0x1cdd4bb6570 of 132 bytes failed: Only part of a ReadProcessMemory or WriteProcessMemory request was completed. (0x12B)
[1117/111432.881:ERROR:process_memory_win.cc(73)] ReadMemory at 0x1cdd4bb8070 of 132 bytes failed: Only part of a ReadProcessMemory or WriteProcessMemory request was completed. (0x12B)
[1117/111432.881:ERROR:process_memory_win.cc(73)] ReadMemory at 0x1cdd4bb82c0 of 132 bytes failed: Only part of a ReadProcessMemory or WriteProcessMemory request was completed. (0x12B)
[1117/111432.881:ERROR:process_memory_win.cc(73)] ReadMemory at 0x1cdd4bb9a60 of 132 bytes failed: Only part of a ReadProcessMemory or WriteProcessMemory request was completed. (0x12B)
[1117/111432.881:ERROR:process_memory_win.cc(73)] ReadMemory at 0x1cdd4bbb190 of 132 bytes failed: Only part of a ReadProcessMemory or WriteProcessMemory request was completed. (0x12B)
[1117/111432.881:ERROR:process_memory_win.cc(73)] ReadMemory at 0x1cdd4bbb690 of 62 bytes failed: Only part of a ReadProcessMemory or WriteProcessMemory request was completed. (0x12B)
[1117/111432.881:ERROR:process_memory_win.cc(73)] ReadMemory at 0x1cdd4bbb7d0 of 64 bytes failed: Only part of a ReadProcessMemory or WriteProcessMemory request was completed. (0x12B)
[1117/111432.881:ERROR:process_memory_win.cc(73)] ReadMemory at 0x1cdd4bbb820 of 60 bytes failed: Only part of a ReadProcessMemory or WriteProcessMemory request was completed. (0x12B)
[1117/111432.881:ERROR:process_memory_win.cc(73)] ReadMemory at 0x1cdd4bbbaa0 of 62 bytes failed: Only part of a ReadProcessMemory or WriteProcessMemory request was completed. (0x12B)
[1117/111432.882:ERROR:process_memory_win.cc(73)] ReadMemory at 0x1cdd4bbbaf0 of 64 bytes failed: Only part of a ReadProcessMemory or WriteProcessMemory request was completed. (0x12B)
[1117/111432.882:ERROR:process_memory_win.cc(73)] ReadMemory at 0x1cdd4bbbb90 of 64 bytes failed: Only part of a ReadProcessMemory or WriteProcessMemory request was completed. (0x12B)
[1117/111432.882:ERROR:process_memory_win.cc(73)] ReadMemory at 0x1cdd4bbbcd0 of 62 bytes failed: Only part of a ReadProcessMemory or WriteProcessMemory request was completed. (0x12B)
[1117/111432.882:ERROR:process_memory_win.cc(73)] ReadMemory at 0x1cdd4bbbd20 of 64 bytes failed: Only part of a ReadProcessMemory or WriteProcessMemory request was completed. (0x12B)
[1117/111432.882:ERROR:process_memory_win.cc(73)] ReadMemory at 0x1cdd4bbbdc0 of 62 bytes failed: Only part of a ReadProcessMemory or WriteProcessMemory request was completed. (0x12B)
[1117/111432.882:ERROR:process_memory_win.cc(73)] ReadMemory at 0x1cdd4bbbe60 of 62 bytes failed: Only part of a ReadProcessMemory or WriteProcessMemory request was completed. (0x12B)
[1117/111432.882:ERROR:process_memory_win.cc(73)] ReadMemory at 0x1cdd4bbbf00 of 62 bytes failed: Only part of a ReadProcessMemory or WriteProcessMemory request was completed. (0x12B)
[1117/111432.882:ERROR:process_memory_win.cc(73)] ReadMemory at 0x1cdd4bbbf50 of 66 bytes failed: Only part of a ReadProcessMemory or WriteProcessMemory request was completed. (0x12B)
[1117/111432.882:ERROR:process_memory_win.cc(73)] ReadMemory at 0x1cdd4bbbfa0 of 64 bytes failed: Only part of a ReadProcessMemory or WriteProcessMemory request was completed. (0x12B)
[1117/111432.882:ERROR:process_memory_win.cc(73)] ReadMemory at 0x1cdd4bbc040 of 64 bytes failed: Only part of a ReadProcessMemory or WriteProcessMemory request was completed. (0x12B)
[1117/111432.882:ERROR:process_memory_win.cc(73)] ReadMemory at 0x1cdd4bbc090 of 62 bytes failed: Only part of a ReadProcessMemory or WriteProcessMemory request was completed. (0x12B)
[1117/111432.883:ERROR:process_memory_win.cc(73)] ReadMemory at 0x1cdd4bbc180 of 62 bytes failed: Only part of a ReadProcessMemory or WriteProcessMemory request was completed. (0x12B)
[1117/111432.883:ERROR:process_memory_win.cc(73)] ReadMemory at 0x1cdd4bbc1d0 of 60 bytes failed: Only part of a ReadProcessMemory or WriteProcessMemory request was completed. (0x12B)
[1117/111432.883:ERROR:process_memory_win.cc(73)] ReadMemory at 0x1cdd4bbc270 of 64 bytes failed: Only part of a ReadProcessMemory or WriteProcessMemory request was completed. (0x12B)
[1117/111432.883:ERROR:process_memory_win.cc(73)] ReadMemory at 0x1cdd4bbc2c0 of 58 bytes failed: Only part of a ReadProcessMemory or WriteProcessMemory request was completed. (0x12B)
[1117/111432.883:ERROR:process_memory_win.cc(73)] ReadMemory at 0x1cdd4bbc310 of 62 bytes failed: Only part of a ReadProcessMemory or WriteProcessMemory request was completed. (0x12B)
[1117/111432.883:ERROR:process_memory_win.cc(73)] ReadMemory at 0x1cdd4bbc3b0 of 60 bytes failed: Only part of a ReadProcessMemory or WriteProcessMemory request was completed. (0x12B)
[1117/111432.883:ERROR:process_memory_win.cc(73)] ReadMemory at 0x1cdd4bc2b10 of 132 bytes failed: Only part of a ReadProcessMemory or WriteProcessMemory request was completed. (0x12B)
[1117/111432.883:ERROR:process_memory_win.cc(73)] ReadMemory at 0x1cdd4bc2c40 of 132 bytes failed: Only part of a ReadProcessMemory or WriteProcessMemory request was completed. (0x12B)
[1117/111432.883:ERROR:process_memory_win.cc(73)] ReadMemory at 0x1cdd4bc2d70 of 132 bytes failed: Only part of a ReadProcessMemory or WriteProcessMemory request was completed. (0x12B)
[1117/111432.883:ERROR:process_memory_win.cc(73)] ReadMemory at 0x1cdd4bc2ea0 of 132 bytes failed: Only part of a ReadProcessMemory or WriteProcessMemory request was completed. (0x12B)
[1117/111432.887:ERROR:process_memory_win.cc(73)] ReadMemory at 0x1cdd4bc3230 of 132 bytes failed: Only part of a ReadProcessMemory or WriteProcessMemory request was completed. (0x12B)
[1117/111432.887:ERROR:process_memory_win.cc(73)] ReadMemory at 0x1cdd4bc3360 of 132 bytes failed: Only part of a ReadProcessMemory or WriteProcessMemory request was completed. (0x12B)
[1117/111432.887:ERROR:process_memory_win.cc(73)] ReadMemory at 0x1cdd4bc3490 of 132 bytes failed: Only part of a ReadProcessMemory or WriteProcessMemory request was completed. (0x12B)
[1117/111432.887:ERROR:process_memory_win.cc(73)] ReadMemory at 0x1cdd4bc35c0 of 132 bytes failed: Only part of a ReadProcessMemory or WriteProcessMemory request was completed. (0x12B)
[1117/111432.887:ERROR:process_memory_win.cc(73)] ReadMemory at 0x1cdd4bc3820 of 132 bytes failed: Only part of a ReadProcessMemory or WriteProcessMemory request was completed. (0x12B)
[1117/111432.887:ERROR:process_memory_win.cc(73)] ReadMemory at 0x1cdd4bc3950 of 132 bytes failed: Only part of a ReadProcessMemory or WriteProcessMemory request was completed. (0x12B)
[1117/111432.887:ERROR:process_memory_win.cc(73)] ReadMemory at 0x1cdd4bc3a80 of 132 bytes failed: Only part of a ReadProcessMemory or WriteProcessMemory request was completed. (0x12B)
[1117/111432.887:ERROR:process_memory_win.cc(73)] ReadMemory at 0x1cdd4bc3bb0 of 132 bytes failed: Only part of a ReadProcessMemory or WriteProcessMemory request was completed. (0x12B)
[1117/111432.887:ERROR:process_memory_win.cc(73)] ReadMemory at 0x1cdd4bc4530 of 132 bytes failed: Only part of a ReadProcessMemory or WriteProcessMemory request was completed. (0x12B)
[1117/111432.887:ERROR:process_memory_win.cc(73)] ReadMemory at 0x1cdd4bc4790 of 132 bytes failed: Only part of a ReadProcessMemory or WriteProcessMemory request was completed. (0x12B)
[1117/111432.888:ERROR:process_memory_win.cc(73)] ReadMemory at 0x1cdd4bd3250 of 80 bytes failed: Only part of a ReadProcessMemory or WriteProcessMemory request was completed. (0x12B)
[1117/111432.888:ERROR:process_memory_win.cc(73)] ReadMemory at 0x1cdd4bd3d30 of 78 bytes failed: Only part of a ReadProcessMemory or WriteProcessMemory request was completed. (0x12B)
[1117/111432.888:ERROR:process_memory_win.cc(73)] ReadMemory at 0x1cdd4be1020 of 62 bytes failed: Only part of a ReadProcessMemory or WriteProcessMemory request was completed. (0x12B)
[1117/111432.888:ERROR:process_memory_win.cc(73)] ReadMemory at 0x1cdd4be12a0 of 60 bytes failed: Only part of a ReadProcessMemory or WriteProcessMemory request was completed. (0x12B)
[1117/111432.888:ERROR:process_memory_win.cc(73)] ReadMemory at 0x1cdd4be1480 of 56 bytes failed: Only part of a ReadProcessMemory or WriteProcessMemory request was completed. (0x12B)
[1117/111432.888:ERROR:process_memory_win.cc(73)] ReadMemory at 0x1cdd4be1520 of 66 bytes failed: Only part of a ReadProcessMemory or WriteProcessMemory request was completed. (0x12B)
[1117/111432.888:ERROR:process_memory_win.cc(73)] ReadMemory at 0x1cdd4be15c0 of 60 bytes failed: Only part of a ReadProcessMemory or WriteProcessMemory request was completed. (0x12B)
[1117/111432.888:ERROR:process_memory_win.cc(73)] ReadMemory at 0x1cdd4be1610 of 62 bytes failed: Only part of a ReadProcessMemory or WriteProcessMemory request was completed. (0x12B)
[1117/111432.888:ERROR:process_memory_win.cc(73)] ReadMemory at 0x1cdd4be17a0 of 58 bytes failed: Only part of a ReadProcessMemory or WriteProcessMemory request was completed. (0x12B)
[1117/111432.888:ERROR:process_memory_win.cc(73)] ReadMemory at 0x1cdd4be1b10 of 62 bytes failed: Only part of a ReadProcessMemory or WriteProcessMemory request was completed. (0x12B)
[1117/111432.889:ERROR:process_memory_win.cc(73)] ReadMemory at 0x1cdd4be1d40 of 58 bytes failed: Only part of a ReadProcessMemory or WriteProcessMemory request was completed. (0x12B)
[1117/111432.889:ERROR:process_memory_win.cc(73)] ReadMemory at 0x1cdd4be1e30 of 60 bytes failed: Only part of a ReadProcessMemory or WriteProcessMemory request was completed. (0x12B)
[1117/111432.915:ERROR:scoped_process_suspend.cc(40)] NtResumeProcess: An attempt was made to access an exiting process. (0xc000010a)
[1117/113029.215:ERROR:process_info.cc(359)] UncheckedAllocate
[1117/113029.709:ERROR:process_info.cc(359)] UncheckedAllocate
[1117/113033.171:ERROR:process_info.cc(359)] UncheckedAllocate
[1117/113853.886:ERROR:directory_reader_win.cc(43)] FindFirstFile: The system cannot find the path specified. (0x3)
[1117/115947.457:ERROR:directory_reader_win.cc(43)] FindFirstFile: The system cannot find the path specified. (0x3)
[1117/120656.351:ERROR:directory_reader_win.cc(43)] FindFirstFile: The system cannot find the path specified. (0x3)
[1117/122929.481:ERROR:directory_reader_win.cc(43)] FindFirstFile: The system cannot find the path specified. (0x3)
[1117/124050.790:ERROR:directory_reader_win.cc(43)] FindFirstFile: The system cannot find the path specified. (0x3)
[1117/125156.393:ERROR:directory_reader_win.cc(43)] FindFirstFile: The system cannot find the path specified. (0x3)
[1117/134401.457:ERROR:file_io_win.cc(162)] CreateFile C:\Users\MICHAE~1\AppData\Local\Temp\scoped_dir5056_1869560228\Crashpad\settings.dat: The system cannot find the path specified. (0x3)
[1117/134401.458:ERROR:file_io_win.cc(171)] CreateFile C:\Users\MICHAE~1\AppData\Local\Temp\scoped_dir5056_1869560228\Crashpad\reports\f4be01a2-62df-432e-89cb-5cfd280c3481.dmp: The system cannot find the path specified. (0x3)
[1117/134401.458:ERROR:crash_report_exception_handler.cc(99)] PrepareNewCrashReport failed
[1118/092612.205:ERROR:process_info.cc(359)] UncheckedAllocate
[1118/092850.263:ERROR:directory_reader_win.cc(43)] FindFirstFile: The system cannot find the path specified. (0x3)
[1118/111410.940:ERROR:directory_reader_win.cc(43)] FindFirstFile: The system cannot find the path specified. (0x3)
[1118/113501.145:ERROR:directory_reader_win.cc(43)] FindFirstFile: The system cannot find the path specified. (0x3)
[1118/115239.013:ERROR:directory_reader_win.cc(43)] FindFirstFile: The system cannot find the path specified. (0x3)
[1118/161228.298:ERROR:directory_reader_win.cc(43)] FindFirstFile: The system cannot find the path specified. (0x3)
[1118/164331.171:ERROR:directory_reader_win.cc(43)] FindFirstFile: The system cannot find the path specified. (0x3)
[1119/100954.741:ERROR:directory_reader_win.cc(43)] FindFirstFile: The system cannot find the path specified. (0x3)
[1119/111731.635:ERROR:directory_reader_win.cc(43)] FindFirstFile: The system cannot find the path specified. (0x3)
[1119/175154.103:ERROR:directory_reader_win.cc(43)] FindFirstFile: The system cannot find the path specified. (0x3)
[1119/175618.566:ERROR:directory_reader_win.cc(43)] FindFirstFile: The system cannot find the path specified. (0x3)
[1119/180514.950:ERROR:process_info.cc(359)] UncheckedAllocate
[1119/193728.071:ERROR:directory_reader_win.cc(43)] FindFirstFile: The system cannot find the path specified. (0x3)
[1119/200325.478:ERROR:directory_reader_win.cc(43)] FindFirstFile: The system cannot find the path specified. (0x3)
[1119/201417.572:ERROR:directory_reader_win.cc(43)] FindFirstFile: The system cannot find the path specified. (0x3)
[1120/130037.869:ERROR:directory_reader_win.cc(43)] FindFirstFile: The system cannot find the path specified. (0x3)
[1120/163833.631:ERROR:directory_reader_win.cc(43)] FindFirstFile: The system cannot find the path specified. (0x3)
[1120/165010.954:ERROR:directory_reader_win.cc(43)] FindFirstFile: The system cannot find the path specified. (0x3)
[1120/171641.989:ERROR:directory_reader_win.cc(43)] FindFirstFile: The system cannot find the path specified. (0x3)
[1123/121630.191:ERROR:directory_reader_win.cc(43)] FindFirstFile: The system cannot find the path specified. (0x3)
[1124/121722.377:ERROR:directory_reader_win.cc(43)] FindFirstFile: The system cannot find the path specified. (0x3)
[1124/145201.064:ERROR:directory_reader_win.cc(43)] FindFirstFile: The system cannot find the path specified. (0x3)
[1124/170443.712:ERROR:directory_reader_win.cc(43)] FindFirstFile: The system cannot find the path specified. (0x3)
[1124/172843.058:ERROR:directory_reader_win.cc(43)] FindFirstFile: The system cannot find the path specified. (0x3)
[1124/175850.386:ERROR:directory_reader_win.cc(43)] FindFirstFile: The system cannot find the path specified. (0x3)
[1125/171335.432:ERROR:directory_reader_win.cc(43)] FindFirstFile: The system cannot find the path specified. (0x3)
[1126/104240.430:ERROR:directory_reader_win.cc(43)] FindFirstFile: The system cannot find the path specified. (0x3)
[1126/125949.989:ERROR:directory_reader_win.cc(43)] FindFirstFile: The system cannot find the path specified. (0x3)
[1126/131641.706:ERROR:directory_reader_win.cc(43)] FindFirstFile: The system cannot find the path specified. (0x3)
[1127/120030.581:ERROR:directory_reader_win.cc(43)] FindFirstFile: The system cannot find the path specified. (0x3)
[1127/120900.653:ERROR:directory_reader_win.cc(43)] FindFirstFile: The system cannot find the path specified. (0x3)
[1127/144328.525:ERROR:directory_reader_win.cc(43)] FindFirstFile: The system cannot find the path specified. (0x3)
[1130/164626.027:ERROR:directory_reader_win.cc(43)] FindFirstFile: The system cannot find the path specified. (0x3)
[1130/164722.159:ERROR:directory_reader_win.cc(43)] FindFirstFile: The system cannot find the path specified. (0x3)
[0108/144343.504:ERROR:directory_reader_win.cc(43)] FindFirstFile: The system cannot find the path specified. (0x3)
[0108/145228.501:ERROR:directory_reader_win.cc(43)] FindFirstFile: The system cannot find the path specified. (0x3)
[0108/154809.274:ERROR:directory_reader_win.cc(43)] FindFirstFile: The system cannot find the path specified. (0x3)
[0108/163818.740:ERROR:directory_reader_win.cc(43)] FindFirstFile: The system cannot find the path specified. (0x3)
[0108/164914.494:ERROR:directory_reader_win.cc(43)] FindFirstFile: The system cannot find the path specified. (0x3)
[0108/170132.999:ERROR:directory_reader_win.cc(43)] FindFirstFile: The system cannot find the path specified. (0x3)
[0108/171135.555:ERROR:directory_reader_win.cc(43)] FindFirstFile: The system cannot find the path specified. (0x3)
[0113/113358.905:ERROR:directory_reader_win.cc(43)] FindFirstFile: The system cannot find the path specified. (0x3)
[0113/145944.047:ERROR:directory_reader_win.cc(43)] FindFirstFile: The system cannot find the path specified. (0x3)
[0113/153732.925:ERROR:directory_reader_win.cc(43)] FindFirstFile: The system cannot find the path specified. (0x3)
[0113/154222.901:ERROR:directory_reader_win.cc(43)] FindFirstFile: The system cannot find the path specified. (0x3)
[0113/155317.854:ERROR:directory_reader_win.cc(43)] FindFirstFile: The system cannot find the path specified. (0x3)
[0113/164529.320:ERROR:directory_reader_win.cc(43)] FindFirstFile: The system cannot find the path specified. (0x3)
[0127/084636.814:ERROR:directory_reader_win.cc(43)] FindFirstFile: The system cannot find the path specified. (0x3)
[0127/090852.352:ERROR:directory_reader_win.cc(43)] FindFirstFile: The system cannot find the path specified. (0x3)
[0127/091528.085:ERROR:directory_reader_win.cc(43)] FindFirstFile: The system cannot find the path specified. (0x3)
[0127/101416.855:ERROR:directory_reader_win.cc(43)] FindFirstFile: The system cannot find the path specified. (0x3)
[0127/102945.577:ERROR:directory_reader_win.cc(43)] FindFirstFile: The system cannot find the path specified. (0x3)
[0127/105109.228:ERROR:directory_reader_win.cc(43)] FindFirstFile: The system cannot find the path specified. (0x3)
[0127/113842.248:ERROR:directory_reader_win.cc(43)] FindFirstFile: The system cannot find the path specified. (0x3)
[0127/120537.900:ERROR:directory_reader_win.cc(43)] FindFirstFile: The system cannot find the path specified. (0x3)
[0127/122409.261:ERROR:directory_reader_win.cc(43)] FindFirstFile: The system cannot find the path specified. (0x3)
[0127/125357.075:ERROR:directory_reader_win.cc(43)] FindFirstFile: The system cannot find the path specified. (0x3)
[0127/142739.295:ERROR:directory_reader_win.cc(43)] FindFirstFile: The system cannot find the path specified. (0x3)
[0127/143651.299:ERROR:directory_reader_win.cc(43)] FindFirstFile: The system cannot find the path specified. (0x3)
[0127/150701.138:ERROR:directory_reader_win.cc(43)] FindFirstFile: The system cannot find the path specified. (0x3)
